<?xml version="1.0" encoding="UTF-8"?>
<testsuite xmlns:xsi="http://www.w3.org/2001/XMLSchema-instance" xsi:noNamespaceSchemaLocation="https://maven.apache.org/surefire/maven-surefire-plugin/xsd/surefire-test-report.xsd" name="com.student.service.StudentServiceTest" time="0.984" tests="2" errors="0" skipped="0" failures="0">
  <properties>
    <property name="java.specification.version" value="15"/>
    <property name="sun.cpu.isalist" value="amd64"/>
    <property name="sun.jnu.encoding" value="Cp1252"/>
    <property name="java.class.path" value="C:\Users\domde\OneDrive\Documents\Courses\Coursera\Spring-Module1\StudentWork\workspace\Lab02.1_Context_XML\target\test-classes;C:\Users\domde\OneDrive\Documents\Courses\Coursera\Spring-Module1\StudentWork\workspace\Lab02.1_Context_XML\target\classes;C:\repository\org\springframework\boot\spring-boot-starter-data-jpa\2.4.2\spring-boot-starter-data-jpa-2.4.2.jar;C:\repository\org\springframework\boot\spring-boot-starter-aop\2.4.2\spring-boot-starter-aop-2.4.2.jar;C:\repository\org\springframework\spring-aop\5.3.3\spring-aop-5.3.3.jar;C:\repository\org\aspectj\aspectjweaver\1.9.6\aspectjweaver-1.9.6.jar;C:\repository\org\springframework\boot\spring-boot-starter-jdbc\2.4.2\spring-boot-starter-jdbc-2.4.2.jar;C:\repository\com\zaxxer\HikariCP\3.4.5\HikariCP-3.4.5.jar;C:\repository\org\springframework\spring-jdbc\5.3.3\spring-jdbc-5.3.3.jar;C:\repository\jakarta\transaction\jakarta.transaction-api\1.3.3\jakarta.transaction-api-1.3.3.jar;C:\repository\jakarta\persistence\jakarta.persistence-api\2.2.3\jakarta.persistence-api-2.2.3.jar;C:\repository\org\hibernate\hibernate-core\5.4.27.Final\hibernate-core-5.4.27.Final.jar;C:\repository\org\jboss\logging\jboss-logging\3.4.1.Final\jboss-logging-3.4.1.Final.jar;C:\repository\org\javassist\javassist\3.27.0-GA\javassist-3.27.0-GA.jar;C:\repository\net\bytebuddy\byte-buddy\1.10.19\byte-buddy-1.10.19.jar;C:\repository\antlr\antlr\2.7.7\antlr-2.7.7.jar;C:\repository\org\jboss\jandex\2.1.3.Final\jandex-2.1.3.Final.jar;C:\repository\com\fasterxml\classmate\1.5.1\classmate-1.5.1.jar;C:\repository\org\dom4j\dom4j\2.1.3\dom4j-2.1.3.jar;C:\repository\org\hibernate\common\hibernate-commons-annotations\5.1.2.Final\hibernate-commons-annotations-5.1.2.Final.jar;C:\repository\org\glassfish\jaxb\jaxb-runtime\2.3.3\jaxb-runtime-2.3.3.jar;C:\repository\org\glassfish\jaxb\txw2\2.3.3\txw2-2.3.3.jar;C:\repository\com\sun\istack\istack-commons-runtime\3.0.11\istack-commons-runtime-3.0.11.jar;C:\repository\com\sun\activation\jakarta.activation\1.2.2\jakarta.activation-1.2.2.jar;C:\repository\org\springframework\data\spring-data-jpa\2.4.3\spring-data-jpa-2.4.3.jar;C:\repository\org\springframework\data\spring-data-commons\2.4.3\spring-data-commons-2.4.3.jar;C:\repository\org\springframework\spring-orm\5.3.3\spring-orm-5.3.3.jar;C:\repository\org\springframework\spring-context\5.3.3\spring-context-5.3.3.jar;C:\repository\org\springframework\spring-tx\5.3.3\spring-tx-5.3.3.jar;C:\repository\org\springframework\spring-beans\5.3.3\spring-beans-5.3.3.jar;C:\repository\org\slf4j\slf4j-api\1.7.30\slf4j-api-1.7.30.jar;C:\repository\org\springframework\spring-aspects\5.3.3\spring-aspects-5.3.3.jar;C:\repository\org\springframework\boot\spring-boot-starter-web\2.4.2\spring-boot-starter-web-2.4.2.jar;C:\repository\org\springframework\boot\spring-boot-starter\2.4.2\spring-boot-starter-2.4.2.jar;C:\repository\org\springframework\boot\spring-boot\2.4.2\spring-boot-2.4.2.jar;C:\repository\org\springframework\boot\spring-boot-autoconfigure\2.4.2\spring-boot-autoconfigure-2.4.2.jar;C:\repository\org\springframework\boot\spring-boot-starter-logging\2.4.2\spring-boot-starter-logging-2.4.2.jar;C:\repository\ch\qos\logback\logback-classic\1.2.3\logback-classic-1.2.3.jar;C:\repository\ch\qos\logback\logback-core\1.2.3\logback-core-1.2.3.jar;C:\repository\org\apache\logging\log4j\log4j-to-slf4j\2.13.3\log4j-to-slf4j-2.13.3.jar;C:\repository\org\apache\logging\log4j\log4j-api\2.13.3\log4j-api-2.13.3.jar;C:\repository\org\slf4j\jul-to-slf4j\1.7.30\jul-to-slf4j-1.7.30.jar;C:\repository\jakarta\annotation\jakarta.annotation-api\1.3.5\jakarta.annotation-api-1.3.5.jar;C:\repository\org\yaml\snakeyaml\1.27\snakeyaml-1.27.jar;C:\repository\org\springframework\boot\spring-boot-starter-json\2.4.2\spring-boot-starter-json-2.4.2.jar;C:\repository\com\fasterxml\jackson\core\jackson-databind\2.11.4\jackson-databind-2.11.4.jar;C:\repository\com\fasterxml\jackson\core\jackson-annotations\2.11.4\jackson-annotations-2.11.4.jar;C:\repository\com\fasterxml\jackson\core\jackson-core\2.11.4\jackson-core-2.11.4.jar;C:\repository\com\fasterxml\jackson\datatype\jackson-datatype-jdk8\2.11.4\jackson-datatype-jdk8-2.11.4.jar;C:\repository\com\fasterxml\jackson\datatype\jackson-datatype-jsr310\2.11.4\jackson-datatype-jsr310-2.11.4.jar;C:\repository\com\fasterxml\jackson\module\jackson-module-parameter-names\2.11.4\jackson-module-parameter-names-2.11.4.jar;C:\repository\org\springframework\boot\spring-boot-starter-tomcat\2.4.2\spring-boot-starter-tomcat-2.4.2.jar;C:\repository\org\apache\tomcat\embed\tomcat-embed-core\9.0.41\tomcat-embed-core-9.0.41.jar;C:\repository\org\glassfish\jakarta.el\3.0.3\jakarta.el-3.0.3.jar;C:\repository\org\apache\tomcat\embed\tomcat-embed-websocket\9.0.41\tomcat-embed-websocket-9.0.41.jar;C:\repository\org\springframework\spring-web\5.3.3\spring-web-5.3.3.jar;C:\repository\org\springframework\spring-webmvc\5.3.3\spring-webmvc-5.3.3.jar;C:\repository\org\springframework\spring-expression\5.3.3\spring-expression-5.3.3.jar;C:\repository\com\h2database\h2\1.4.200\h2-1.4.200.jar;C:\repository\org\springframework\boot\spring-boot-starter-test\2.4.2\spring-boot-starter-test-2.4.2.jar;C:\repository\org\springframework\boot\spring-boot-test\2.4.2\spring-boot-test-2.4.2.jar;C:\repository\org\springframework\boot\spring-boot-test-autoconfigure\2.4.2\spring-boot-test-autoconfigure-2.4.2.jar;C:\repository\com\jayway\jsonpath\json-path\2.4.0\json-path-2.4.0.jar;C:\repository\net\minidev\json-smart\2.3\json-smart-2.3.jar;C:\repository\net\minidev\accessors-smart\1.2\accessors-smart-1.2.jar;C:\repository\org\ow2\asm\asm\5.0.4\asm-5.0.4.jar;C:\repository\jakarta\xml\bind\jakarta.xml.bind-api\2.3.3\jakarta.xml.bind-api-2.3.3.jar;C:\repository\jakarta\activation\jakarta.activation-api\1.2.2\jakarta.activation-api-1.2.2.jar;C:\repository\org\assertj\assertj-core\3.18.1\assertj-core-3.18.1.jar;C:\repository\org\junit\jupiter\junit-jupiter\5.7.0\junit-jupiter-5.7.0.jar;C:\repository\org\junit\jupiter\junit-jupiter-params\5.7.0\junit-jupiter-params-5.7.0.jar;C:\repository\org\mockito\mockito-core\3.6.28\mockito-core-3.6.28.jar;C:\repository\net\bytebuddy\byte-buddy-agent\1.10.19\byte-buddy-agent-1.10.19.jar;C:\repository\org\objenesis\objenesis\3.1\objenesis-3.1.jar;C:\repository\org\mockito\mockito-junit-jupiter\3.6.28\mockito-junit-jupiter-3.6.28.jar;C:\repository\org\skyscreamer\jsonassert\1.5.0\jsonassert-1.5.0.jar;C:\repository\com\vaadin\external\google\android-json\0.0.20131108.vaadin1\android-json-0.0.20131108.vaadin1.jar;C:\repository\org\springframework\spring-core\5.3.3\spring-core-5.3.3.jar;C:\repository\org\springframework\spring-jcl\5.3.3\spring-jcl-5.3.3.jar;C:\repository\org\springframework\spring-test\5.3.3\spring-test-5.3.3.jar;C:\repository\org\xmlunit\xmlunit-core\2.7.0\xmlunit-core-2.7.0.jar;C:\repository\org\junit\jupiter\junit-jupiter-engine\5.7.0\junit-jupiter-engine-5.7.0.jar;C:\repository\org\apiguardian\apiguardian-api\1.1.0\apiguardian-api-1.1.0.jar;C:\repository\org\junit\platform\junit-platform-engine\1.7.0\junit-platform-engine-1.7.0.jar;C:\repository\org\junit\jupiter\junit-jupiter-api\5.7.0\junit-jupiter-api-5.7.0.jar;C:\repository\org\opentest4j\opentest4j\1.2.0\opentest4j-1.2.0.jar;C:\repository\org\junit\platform\junit-platform-commons\1.7.0\junit-platform-commons-1.7.0.jar;C:\repository\org\hamcrest\hamcrest\2.2\hamcrest-2.2.jar;C:\repository\javax\inject\javax.inject\1\javax.inject-1.jar;"/>
    <property name="java.vm.vendor" value="Oracle Corporation"/>
    <property name="sun.arch.data.model" value="64"/>
    <property name="user.variant" value=""/>
    <property name="java.vendor.url" value="https://java.oracle.com/"/>
    <property name="user.timezone" value="America/New_York"/>
    <property name="os.name" value="Windows 10"/>
    <property name="java.vm.specification.version" value="15"/>
    <property name="sun.java.launcher" value="SUN_STANDARD"/>
    <property name="user.country" value="US"/>
    <property name="sun.boot.library.path" value="C:\Users\domde\.p2\pool\plugins\org.eclipse.justj.openjdk.hotspot.jre.full.win32.x86_64_15.0.1.v20201027-0507\jre\bin"/>
    <property name="sun.java.command" value="C:\Users\domde\AppData\Local\Temp\surefire4458953373188740293\surefirebooter2204056517714873849.jar C:\Users\domde\AppData\Local\Temp\surefire4458953373188740293 2021-03-12T22-40-11_918-jvmRun1 surefire17524883482707552018tmp surefire_04092977438930441691tmp"/>
    <property name="jdk.debug" value="release"/>
    <property name="surefire.test.class.path" value="C:\Users\domde\OneDrive\Documents\Courses\Coursera\Spring-Module1\StudentWork\workspace\Lab02.1_Context_XML\target\test-classes;C:\Users\domde\OneDrive\Documents\Courses\Coursera\Spring-Module1\StudentWork\workspace\Lab02.1_Context_XML\target\classes;C:\repository\org\springframework\boot\spring-boot-starter-data-jpa\2.4.2\spring-boot-starter-data-jpa-2.4.2.jar;C:\repository\org\springframework\boot\spring-boot-starter-aop\2.4.2\spring-boot-starter-aop-2.4.2.jar;C:\repository\org\springframework\spring-aop\5.3.3\spring-aop-5.3.3.jar;C:\repository\org\aspectj\aspectjweaver\1.9.6\aspectjweaver-1.9.6.jar;C:\repository\org\springframework\boot\spring-boot-starter-jdbc\2.4.2\spring-boot-starter-jdbc-2.4.2.jar;C:\repository\com\zaxxer\HikariCP\3.4.5\HikariCP-3.4.5.jar;C:\repository\org\springframework\spring-jdbc\5.3.3\spring-jdbc-5.3.3.jar;C:\repository\jakarta\transaction\jakarta.transaction-api\1.3.3\jakarta.transaction-api-1.3.3.jar;C:\repository\jakarta\persistence\jakarta.persistence-api\2.2.3\jakarta.persistence-api-2.2.3.jar;C:\repository\org\hibernate\hibernate-core\5.4.27.Final\hibernate-core-5.4.27.Final.jar;C:\repository\org\jboss\logging\jboss-logging\3.4.1.Final\jboss-logging-3.4.1.Final.jar;C:\repository\org\javassist\javassist\3.27.0-GA\javassist-3.27.0-GA.jar;C:\repository\net\bytebuddy\byte-buddy\1.10.19\byte-buddy-1.10.19.jar;C:\repository\antlr\antlr\2.7.7\antlr-2.7.7.jar;C:\repository\org\jboss\jandex\2.1.3.Final\jandex-2.1.3.Final.jar;C:\repository\com\fasterxml\classmate\1.5.1\classmate-1.5.1.jar;C:\repository\org\dom4j\dom4j\2.1.3\dom4j-2.1.3.jar;C:\repository\org\hibernate\common\hibernate-commons-annotations\5.1.2.Final\hibernate-commons-annotations-5.1.2.Final.jar;C:\repository\org\glassfish\jaxb\jaxb-runtime\2.3.3\jaxb-runtime-2.3.3.jar;C:\repository\org\glassfish\jaxb\txw2\2.3.3\txw2-2.3.3.jar;C:\repository\com\sun\istack\istack-commons-runtime\3.0.11\istack-commons-runtime-3.0.11.jar;C:\repository\com\sun\activation\jakarta.activation\1.2.2\jakarta.activation-1.2.2.jar;C:\repository\org\springframework\data\spring-data-jpa\2.4.3\spring-data-jpa-2.4.3.jar;C:\repository\org\springframework\data\spring-data-commons\2.4.3\spring-data-commons-2.4.3.jar;C:\repository\org\springframework\spring-orm\5.3.3\spring-orm-5.3.3.jar;C:\repository\org\springframework\spring-context\5.3.3\spring-context-5.3.3.jar;C:\repository\org\springframework\spring-tx\5.3.3\spring-tx-5.3.3.jar;C:\repository\org\springframework\spring-beans\5.3.3\spring-beans-5.3.3.jar;C:\repository\org\slf4j\slf4j-api\1.7.30\slf4j-api-1.7.30.jar;C:\repository\org\springframework\spring-aspects\5.3.3\spring-aspects-5.3.3.jar;C:\repository\org\springframework\boot\spring-boot-starter-web\2.4.2\spring-boot-starter-web-2.4.2.jar;C:\repository\org\springframework\boot\spring-boot-starter\2.4.2\spring-boot-starter-2.4.2.jar;C:\repository\org\springframework\boot\spring-boot\2.4.2\spring-boot-2.4.2.jar;C:\repository\org\springframework\boot\spring-boot-autoconfigure\2.4.2\spring-boot-autoconfigure-2.4.2.jar;C:\repository\org\springframework\boot\spring-boot-starter-logging\2.4.2\spring-boot-starter-logging-2.4.2.jar;C:\repository\ch\qos\logback\logback-classic\1.2.3\logback-classic-1.2.3.jar;C:\repository\ch\qos\logback\logback-core\1.2.3\logback-core-1.2.3.jar;C:\repository\org\apache\logging\log4j\log4j-to-slf4j\2.13.3\log4j-to-slf4j-2.13.3.jar;C:\repository\org\apache\logging\log4j\log4j-api\2.13.3\log4j-api-2.13.3.jar;C:\repository\org\slf4j\jul-to-slf4j\1.7.30\jul-to-slf4j-1.7.30.jar;C:\repository\jakarta\annotation\jakarta.annotation-api\1.3.5\jakarta.annotation-api-1.3.5.jar;C:\repository\org\yaml\snakeyaml\1.27\snakeyaml-1.27.jar;C:\repository\org\springframework\boot\spring-boot-starter-json\2.4.2\spring-boot-starter-json-2.4.2.jar;C:\repository\com\fasterxml\jackson\core\jackson-databind\2.11.4\jackson-databind-2.11.4.jar;C:\repository\com\fasterxml\jackson\core\jackson-annotations\2.11.4\jackson-annotations-2.11.4.jar;C:\repository\com\fasterxml\jackson\core\jackson-core\2.11.4\jackson-core-2.11.4.jar;C:\repository\com\fasterxml\jackson\datatype\jackson-datatype-jdk8\2.11.4\jackson-datatype-jdk8-2.11.4.jar;C:\repository\com\fasterxml\jackson\datatype\jackson-datatype-jsr310\2.11.4\jackson-datatype-jsr310-2.11.4.jar;C:\repository\com\fasterxml\jackson\module\jackson-module-parameter-names\2.11.4\jackson-module-parameter-names-2.11.4.jar;C:\repository\org\springframework\boot\spring-boot-starter-tomcat\2.4.2\spring-boot-starter-tomcat-2.4.2.jar;C:\repository\org\apache\tomcat\embed\tomcat-embed-core\9.0.41\tomcat-embed-core-9.0.41.jar;C:\repository\org\glassfish\jakarta.el\3.0.3\jakarta.el-3.0.3.jar;C:\repository\org\apache\tomcat\embed\tomcat-embed-websocket\9.0.41\tomcat-embed-websocket-9.0.41.jar;C:\repository\org\springframework\spring-web\5.3.3\spring-web-5.3.3.jar;C:\repository\org\springframework\spring-webmvc\5.3.3\spring-webmvc-5.3.3.jar;C:\repository\org\springframework\spring-expression\5.3.3\spring-expression-5.3.3.jar;C:\repository\com\h2database\h2\1.4.200\h2-1.4.200.jar;C:\repository\org\springframework\boot\spring-boot-starter-test\2.4.2\spring-boot-starter-test-2.4.2.jar;C:\repository\org\springframework\boot\spring-boot-test\2.4.2\spring-boot-test-2.4.2.jar;C:\repository\org\springframework\boot\spring-boot-test-autoconfigure\2.4.2\spring-boot-test-autoconfigure-2.4.2.jar;C:\repository\com\jayway\jsonpath\json-path\2.4.0\json-path-2.4.0.jar;C:\repository\net\minidev\json-smart\2.3\json-smart-2.3.jar;C:\repository\net\minidev\accessors-smart\1.2\accessors-smart-1.2.jar;C:\repository\org\ow2\asm\asm\5.0.4\asm-5.0.4.jar;C:\repository\jakarta\xml\bind\jakarta.xml.bind-api\2.3.3\jakarta.xml.bind-api-2.3.3.jar;C:\repository\jakarta\activation\jakarta.activation-api\1.2.2\jakarta.activation-api-1.2.2.jar;C:\repository\org\assertj\assertj-core\3.18.1\assertj-core-3.18.1.jar;C:\repository\org\junit\jupiter\junit-jupiter\5.7.0\junit-jupiter-5.7.0.jar;C:\repository\org\junit\jupiter\junit-jupiter-params\5.7.0\junit-jupiter-params-5.7.0.jar;C:\repository\org\mockito\mockito-core\3.6.28\mockito-core-3.6.28.jar;C:\repository\net\bytebuddy\byte-buddy-agent\1.10.19\byte-buddy-agent-1.10.19.jar;C:\repository\org\objenesis\objenesis\3.1\objenesis-3.1.jar;C:\repository\org\mockito\mockito-junit-jupiter\3.6.28\mockito-junit-jupiter-3.6.28.jar;C:\repository\org\skyscreamer\jsonassert\1.5.0\jsonassert-1.5.0.jar;C:\repository\com\vaadin\external\google\android-json\0.0.20131108.vaadin1\android-json-0.0.20131108.vaadin1.jar;C:\repository\org\springframework\spring-core\5.3.3\spring-core-5.3.3.jar;C:\repository\org\springframework\spring-jcl\5.3.3\spring-jcl-5.3.3.jar;C:\repository\org\springframework\spring-test\5.3.3\spring-test-5.3.3.jar;C:\repository\org\xmlunit\xmlunit-core\2.7.0\xmlunit-core-2.7.0.jar;C:\repository\org\junit\jupiter\junit-jupiter-engine\5.7.0\junit-jupiter-engine-5.7.0.jar;C:\repository\org\apiguardian\apiguardian-api\1.1.0\apiguardian-api-1.1.0.jar;C:\repository\org\junit\platform\junit-platform-engine\1.7.0\junit-platform-engine-1.7.0.jar;C:\repository\org\junit\jupiter\junit-jupiter-api\5.7.0\junit-jupiter-api-5.7.0.jar;C:\repository\org\opentest4j\opentest4j\1.2.0\opentest4j-1.2.0.jar;C:\repository\org\junit\platform\junit-platform-commons\1.7.0\junit-platform-commons-1.7.0.jar;C:\repository\org\hamcrest\hamcrest\2.2\hamcrest-2.2.jar;C:\repository\javax\inject\javax.inject\1\javax.inject-1.jar;"/>
    <property name="sun.cpu.endian" value="little"/>
    <property name="user.home" value="C:\Users\domde"/>
    <property name="user.language" value="en"/>
    <property name="java.specification.vendor" value="Oracle Corporation"/>
    <property name="java.version.date" value="2020-10-20"/>
    <property name="java.home" value="C:\Users\domde\.p2\pool\plugins\org.eclipse.justj.openjdk.hotspot.jre.full.win32.x86_64_15.0.1.v20201027-0507\jre"/>
    <property name="file.separator" value="\"/>
    <property name="basedir" value="C:\Users\domde\OneDrive\Documents\Courses\Coursera\Spring-Module1\StudentWork\workspace\Lab02.1_Context_XML"/>
    <property name="java.vm.compressedOopsMode" value="Zero based"/>
    <property name="line.separator" value="&#10;"/>
    <property name="java.vm.specification.vendor" value="Oracle Corporation"/>
    <property name="java.specification.name" value="Java Platform API Specification"/>
    <property name="surefire.real.class.path" value="C:\Users\domde\AppData\Local\Temp\surefire4458953373188740293\surefirebooter2204056517714873849.jar"/>
    <property name="user.script" value=""/>
    <property name="sun.management.compiler" value="HotSpot 64-Bit Tiered Compilers"/>
    <property name="java.runtime.version" value="15.0.1+9-18"/>
    <property name="user.name" value="domde"/>
    <property name="path.separator" value=";"/>
    <property name="os.version" value="10.0"/>
    <property name="java.runtime.name" value="OpenJDK Runtime Environment"/>
    <property name="file.encoding" value="Cp1252"/>
    <property name="java.vm.name" value="OpenJDK 64-Bit Server VM"/>
    <property name="localRepository" value="C:\repository"/>
    <property name="java.vendor.url.bug" value="https://bugreport.java.com/bugreport/"/>
    <property name="java.io.tmpdir" value="C:\Users\domde\AppData\Local\Temp\"/>
    <property name="java.version" value="15.0.1"/>
    <property name="user.dir" value="C:\Users\domde\OneDrive\Documents\Courses\Coursera\Spring-Module1\StudentWork\workspace\Lab02.1_Context_XML"/>
    <property name="os.arch" value="amd64"/>
    <property name="java.vm.specification.name" value="Java Virtual Machine Specification"/>
    <property name="sun.os.patch.level" value=""/>
    <property name="java.library.path" value="C:\Users\domde\.p2\pool\plugins\org.eclipse.justj.openjdk.hotspot.jre.full.win32.x86_64_15.0.1.v20201027-0507\jre\bin;C:\WINDOWS\Sun\Java\bin;C:\WINDOWS\system32;C:\WINDOWS;C:/Users/domde/.p2/pool/plugins/org.eclipse.justj.openjdk.hotspot.jre.full.win32.x86_64_15.0.1.v20201027-0507/jre/bin/server;C:/Users/domde/.p2/pool/plugins/org.eclipse.justj.openjdk.hotspot.jre.full.win32.x86_64_15.0.1.v20201027-0507/jre/bin;C:\kubectrl;C:\Program Files\Java\jdk1.8.0_191\bin;C:\tools\apache-maven-3.6.0\bin;C:\Program Files (x86)\Common Files\Oracle\Java\javapath;C:\WINDOWS\system32;C:\WINDOWS;C:\WINDOWS\System32\Wbem;C:\WINDOWS\System32\WindowsPowerShell\v1.0\;C:\WINDOWS\System32\OpenSSH\;C:\Program Files (x86)\Intel\Intel(R) Management Engine Components\DAL;C:\Program Files\Intel\Intel(R) Management Engine Components\DAL;C:\Program Files\Git\cmd;C:\Users\domde\OneDrive\Documents\Courses\EllucianGG\doc\groovy-2.5.6\bin;C:\Users\domde\OneDrive\Documents\Courses\DevelopIntelligence\LibertyMutual\SpringBoot_01\StudentWork\CLI\spring-1.2.1.BUILD-SNAPSHOT\bin;C:\apache-zookeeper-3.5.5\apache-zookeeper-3.5.5\bin;C:\Program Files\nodejs\;C:\Program Files\Kubernetes\Minikube;C:\Program Files (x86)\sbt\bin;C:\Program Files (x86)\sbt\bin;;C:\Program Files\Docker\Docker\resources\bin;C:\ProgramData\DockerDesktop\version-bin;C:\Users\domde\AppData\Local\Microsoft\WindowsApps;C:\Users\domde\AppData\Local\Programs\Microsoft VS Code\bin;C:\Program Files\heroku\bin;C:\Users\domde\AppData\Roaming\npm;;C:\Users\domde\OneDrive\Desktop;;."/>
    <property name="java.vm.info" value="mixed mode"/>
    <property name="java.vendor" value="Oracle Corporation"/>
    <property name="java.vm.version" value="15.0.1+9-18"/>
    <property name="sun.io.unicode.encoding" value="UnicodeLittle"/>
    <property name="java.class.version" value="59.0"/>
  </properties>
  <testcase name="testGetOneStudent" classname="com.student.service.StudentServiceTest" time="0.785"/>
  <testcase name="tesGetAll" classname="com.student.service.StudentServiceTest" time="0.165"/>
</testsuite>